<?xml version="1.0" encoding="UTF-8"?>
<!-- Generated by org.testng.reporters.JUnitReportReporter -->
<testsuite hostname="Thirosh" failures="0" tests="6" name="com.dlad.qa.testcases.LeadList" time="72.576" errors="0" timestamp="2024-06-17T10:05:44 IST" skipped="0">
  <testcase classname="com.dlad.qa.testcases.LeadList" name="verifyTheUserRedirectsToTheLeadListPage" time="11.143"/>
  <testcase classname="com.dlad.qa.testcases.LeadList" name="verifyTheCreateNewLeadFormOpen" time="11.987"/>
  <testcase classname="com.dlad.qa.testcases.LeadList" name="verifyTheCreateNewLeadFormCloseIcon" time="11.637"/>
  <testcase classname="com.dlad.qa.testcases.LeadList" name="verifyTheCreateNewLeadWithValidData" time="15.193"/>
  <testcase classname="com.dlad.qa.testcases.LeadList" name="verifyTheClickOnCreateButtonWithWithoutFillingData" time="11.282"/>
  <testcase classname="com.dlad.qa.testcases.LeadList" name="cancellButtonNewLeadForm" time="11.334"/>
</testsuite> <!-- com.dlad.qa.testcases.LeadList -->
