<?xml version="1.0" encoding="UTF-8"?>
<!-- Generated by org.testng.reporters.JUnitReportReporter -->
<testsuite hostname="Thirosh" failures="0" tests="1" name="com.dlad.qa.testcases.Home" time="13.813" errors="0" timestamp="2024-06-27T14:21:40 IST" skipped="0">
  <testcase classname="com.dlad.qa.testcases.Home" name="verifyUserRedirectsToTheHomePage" time="13.813"/>
</testsuite> <!-- com.dlad.qa.testcases.Home -->
