<?xml version="1.0" encoding="UTF-8"?>
<!-- Generated by org.testng.reporters.JUnitReportReporter -->
<testsuite hostname="Thirosh" failures="0" tests="1" name="com.dlad.qa.testcases.CRMBrokenLinksTest" time="13.648" errors="0" timestamp="2024-07-23T22:45:30 IST" skipped="0">
  <testcase classname="com.dlad.qa.testcases.CRMBrokenLinksTest" name="verifyTheBrokenLinks" time="13.648"/>
</testsuite> <!-- com.dlad.qa.testcases.CRMBrokenLinksTest -->
