<?xml version="1.0" encoding="UTF-8"?>
<!-- Generated by org.testng.reporters.JUnitReportReporter -->
<testsuite hostname="Thirosh" failures="0" tests="1" name="com.dlad.qa.testcases.Home" time="19.614" errors="0" timestamp="2024-06-12T18:19:01 IST" skipped="0">
  <testcase classname="com.dlad.qa.testcases.Home" name="verifyTheUserRedirectsToTheHomePage" time="19.614"/>
</testsuite> <!-- com.dlad.qa.testcases.Home -->
