<?xml version="1.0" encoding="UTF-8"?>
<!-- Generated by org.testng.reporters.JUnitReportReporter -->
<testsuite hostname="Thirosh" failures="0" tests="1" name="com.dlad.qa.testcases.HomeTest" time="42.302" errors="0" timestamp="2024-07-18T10:46:31 IST" skipped="0">
  <testcase classname="com.dlad.qa.testcases.HomeTest" name="verifyHomePageNavigationToupleCardIconsAndLabelDisplayed" time="42.302"/>
</testsuite> <!-- com.dlad.qa.testcases.HomeTest -->
