<?xml version="1.0" encoding="UTF-8"?>
<!-- Generated by org.testng.reporters.JUnitReportReporter -->
<testsuite hostname="Thirosh" failures="0" tests="1" name="com.dlad.qa.testcases.LeadList" time="20.037" errors="0" timestamp="2024-07-13T16:29:09 IST" skipped="0">
  <testcase classname="com.dlad.qa.testcases.LeadList" name="verifyAddedEmailAddressDisplayOnLeadsViewTable" time="20.037"/>
</testsuite> <!-- com.dlad.qa.testcases.LeadList -->
