<?xml version="1.0" encoding="UTF-8"?>
<!-- Generated by org.testng.reporters.JUnitReportReporter -->
<testsuite hostname="Thirosh" failures="0" tests="3" name="com.dlad.qa.testcases.LeadOverview" time="35.459" errors="0" timestamp="2024-06-17T10:05:43 IST" skipped="0">
  <testcase classname="com.dlad.qa.testcases.LeadOverview" name="verifyTheUserRedirectsToTheLeadOverviewPage" time="11.403"/>
  <testcase classname="com.dlad.qa.testcases.LeadOverview" name="verifyDisplayTheLeadOverviewPageCardNames" time="11.860"/>
  <testcase classname="com.dlad.qa.testcases.LeadOverview" name="verifyDisplayTheLeadOverviewPageCardCount" time="12.196"/>
</testsuite> <!-- com.dlad.qa.testcases.LeadOverview -->
