<?xml version="1.0" encoding="UTF-8"?>
<!-- Generated by org.testng.reporters.JUnitReportReporter -->
<testsuite hostname="Thirosh" failures="0" tests="10" name="com.dlad.qa.testcases.LeadList" time="155.439" errors="0" timestamp="2024-06-25T20:07:13 IST" skipped="0">
  <testcase classname="com.dlad.qa.testcases.LeadList" name="verifyTheUserRedirectsToTheLeadListPage" time="14.801"/>
  <testcase classname="com.dlad.qa.testcases.LeadList" name="verifyTheCreateNewLeadFormOpen" time="15.431"/>
  <testcase classname="com.dlad.qa.testcases.LeadList" name="verifyTheCreateNewLeadFormCloseIcon" time="13.993"/>
  <testcase classname="com.dlad.qa.testcases.LeadList" name="verifyTheCreateNewLeadWithValidData" time="15.670"/>
  <testcase classname="com.dlad.qa.testcases.LeadList" name="verifyTheClickOnCreateButtonWithWithoutFillingData" time="14.417"/>
  <testcase classname="com.dlad.qa.testcases.LeadList" name="verifyTheCreateNewLeadWithoutProvidingAnyFields" time="16.931"/>
  <testcase classname="com.dlad.qa.testcases.LeadList" name="cancellButtonNewLeadForm" time="15.946"/>
  <testcase classname="com.dlad.qa.testcases.LeadList" name="verifyTheCreatedLeadMemberDisplayOnLeadsTable" time="18.034"/>
  <testcase classname="com.dlad.qa.testcases.LeadList" name="verifyTheLeadMemberetailsView" time="14.167"/>
  <testcase classname="com.dlad.qa.testcases.LeadList" name="verifyTheAddingEmailAddressForLeadsTable" time="16.049"/>
</testsuite> <!-- com.dlad.qa.testcases.LeadList -->
