<?xml version="1.0" encoding="UTF-8"?>
<!-- Generated by org.testng.reporters.JUnitReportReporter -->
<testsuite hostname="Thirosh" failures="0" tests="1" name="com.dlad.qa.testcases.LeadList" time="47.257" errors="0" timestamp="2024-07-05T13:16:09 IST" skipped="0">
  <testcase classname="com.dlad.qa.testcases.LeadList" name="verifyTheUserRedirectsToTheLeadListPage" time="47.257"/>
</testsuite> <!-- com.dlad.qa.testcases.LeadList -->
