<?xml version="1.0" encoding="UTF-8"?>
<!-- Generated by org.testng.reporters.JUnitReportReporter -->
<testsuite hostname="Thirosh" failures="0" tests="1" name="com.dlad.qa.testcases.Login" time="20.798" errors="0" timestamp="2024-07-18T10:04:38 IST" skipped="0">
  <testcase classname="com.dlad.qa.testcases.Login" name="verifyLoginWithValidCredentials" time="20.798"/>
</testsuite> <!-- com.dlad.qa.testcases.Login -->
