<?xml version="1.0" encoding="UTF-8"?>
<!-- Generated by org.testng.reporters.JUnitReportReporter -->
<testsuite hostname="Thirosh" failures="0" tests="1" name="com.dlad.qa.testcases.Home" time="15.345" errors="0" timestamp="2024-07-02T13:13:45 IST" skipped="0">
  <testcase classname="com.dlad.qa.testcases.Home" name="verifyDisplayTheHomePageCardCounts" time="15.345"/>
</testsuite> <!-- com.dlad.qa.testcases.Home -->
