<?xml version="1.0" encoding="UTF-8"?>
<!-- Generated by org.testng.reporters.JUnitReportReporter -->
<testsuite hostname="Thirosh" failures="0" tests="1" name="com.dlad.qa.testcases.LeadListTest" time="22.720" errors="0" timestamp="2024-07-16T00:22:08 IST" skipped="0">
  <testcase classname="com.dlad.qa.testcases.LeadListTest" name="verifyTheCreateNewLeadWithValidData" time="22.720"/>
</testsuite> <!-- com.dlad.qa.testcases.LeadListTest -->
