<?xml version="1.0" encoding="UTF-8"?>
<!-- Generated by org.testng.reporters.JUnitReportReporter -->
<testsuite hostname="Thirosh" failures="0" tests="1" name="com.dlad.qa.testcases.LeadList" time="23.391" errors="0" timestamp="2024-07-07T23:40:23 IST" skipped="0">
  <testcase classname="com.dlad.qa.testcases.LeadList" name="verifyTheCreatedLeadMemberDisplayOnLeadsTable" time="23.391"/>
</testsuite> <!-- com.dlad.qa.testcases.LeadList -->
