<?xml version="1.0" encoding="UTF-8"?>
<!-- Generated by org.testng.reporters.JUnitReportReporter -->
<testsuite hostname="Thirosh" failures="0" tests="5" name="com.dlad.qa.testcases.HomeTest" time="41.417" errors="0" timestamp="2024-07-21T10:31:25 IST" skipped="0">
  <testcase classname="com.dlad.qa.testcases.HomeTest" name="verifyUserRedirectsToTheHomePage" time="7.156"/>
  <testcase classname="com.dlad.qa.testcases.HomeTest" name="verifyDisplayTheHomePageCardNames" time="7.080"/>
  <testcase classname="com.dlad.qa.testcases.HomeTest" name="verifyDisplayTheHomePageCardCounts" time="7.349"/>
  <testcase classname="com.dlad.qa.testcases.HomeTest" name="verifyHomePageNavigationLinks" time="10.448"/>
  <testcase classname="com.dlad.qa.testcases.HomeTest" name="verifyHomePageNavigationToupleCardIconsAndLabelDisplayed" time="9.384"/>
</testsuite> <!-- com.dlad.qa.testcases.HomeTest -->
