<?xml version="1.0" encoding="UTF-8"?>
<!-- Generated by org.testng.reporters.JUnitReportReporter -->
<testsuite hostname="Thirosh" failures="0" tests="1" name="com.dlad.qa.testcases.LoginTest" time="7.177" errors="0" timestamp="2024-07-21T15:08:57 IST" skipped="0">
  <testcase classname="com.dlad.qa.testcases.LoginTest" name="verifyloginWithoutProvidingCredencials" time="7.177"/>
</testsuite> <!-- com.dlad.qa.testcases.LoginTest -->
