<?xml version="1.0" encoding="UTF-8"?>
<!-- Generated by org.testng.reporters.JUnitReportReporter -->
<testsuite hostname="Thirosh" failures="0" tests="3" name="com.dlad.qa.testcases.Home" time="44.316" errors="0" timestamp="2024-07-14T15:47:49 IST" skipped="0">
  <testcase classname="com.dlad.qa.testcases.Home" name="verifyUserRedirectsToTheHomePage" time="15.935"/>
  <testcase classname="com.dlad.qa.testcases.Home" name="verifyDisplayTheHomePageCardNames" time="15.444"/>
  <testcase classname="com.dlad.qa.testcases.Home" name="verifyDisplayTheHomePageCardCounts" time="12.937"/>
</testsuite> <!-- com.dlad.qa.testcases.Home -->
