<?xml version="1.0" encoding="UTF-8"?>
<!-- Generated by org.testng.reporters.JUnitReportReporter -->
<testsuite hostname="Thirosh" failures="0" tests="1" name="com.dlad.qa.testcases.HomeTest" time="19.377" errors="0" timestamp="2024-07-17T01:11:32 IST" skipped="0">
  <testcase classname="com.dlad.qa.testcases.HomeTest" name="verifyHomePageNavigationToupleCardIconsAndLabelDisplayed" time="19.377"/>
</testsuite> <!-- com.dlad.qa.testcases.HomeTest -->
