<?xml version="1.0" encoding="UTF-8"?>
<!-- Generated by org.testng.reporters.JUnitReportReporter -->
<testsuite hostname="Thirosh" failures="0" tests="3" name="com.dlad.qa.testcases.Home" time="56.198" errors="0" timestamp="2024-07-14T23:57:46 IST" skipped="0">
  <testcase classname="com.dlad.qa.testcases.Home" name="verifyUserRedirectsToTheHomePage" time="15.813"/>
  <testcase classname="com.dlad.qa.testcases.Home" name="verifyDisplayTheHomePageCardNames" time="27.006"/>
  <testcase classname="com.dlad.qa.testcases.Home" name="verifyDisplayTheHomePageCardCounts" time="13.379"/>
</testsuite> <!-- com.dlad.qa.testcases.Home -->
