<?xml version="1.0" encoding="UTF-8"?>
<!-- Generated by org.testng.reporters.JUnitReportReporter -->
<testsuite hostname="Thirosh" failures="0" tests="1" name="com.dlad.qa.testcases.Home" time="16.817" errors="0" timestamp="2024-06-11T19:39:08 IST" skipped="0">
  <testcase classname="com.dlad.qa.testcases.Home" name="verifyTheUserRedirectsToTheHomePage" time="16.817"/>
</testsuite> <!-- com.dlad.qa.testcases.Home -->
