<?xml version="1.0" encoding="UTF-8"?>
<!-- Generated by org.testng.reporters.JUnitReportReporter -->
<testsuite hostname="Thirosh" failures="0" tests="6" name="com.dlad.qa.testcases.LeadList" time="101.158" errors="0" timestamp="2024-06-08T21:15:34 IST" skipped="0">
  <testcase classname="com.dlad.qa.testcases.LeadList" name="verifyTheUserRedirectsToTheLeadListPage" time="14.885"/>
  <testcase classname="com.dlad.qa.testcases.LeadList" name="verifyTheCreateNewLeadFormOpen" time="16.318"/>
  <testcase classname="com.dlad.qa.testcases.LeadList" name="verifyTheCreateNewLeadFormCloseIcon" time="15.042"/>
  <testcase classname="com.dlad.qa.testcases.LeadList" name="verifyTheCreateNewLeadWithValidData" time="23.984"/>
  <testcase classname="com.dlad.qa.testcases.LeadList" name="verifyTheClickOnCreateButtonWithWithoutFillingData" time="15.604"/>
  <testcase classname="com.dlad.qa.testcases.LeadList" name="cancellButtonNewLeadForm" time="15.325"/>
</testsuite> <!-- com.dlad.qa.testcases.LeadList -->
