<?xml version="1.0" encoding="UTF-8"?>
<!-- Generated by org.testng.reporters.JUnitReportReporter -->
<testsuite hostname="Thirosh" failures="0" tests="1" name="com.dlad.qa.testcases.LeadActivityList" time="11.646" errors="0" timestamp="2024-06-17T09:26:42 IST" skipped="0">
  <testcase classname="com.dlad.qa.testcases.LeadActivityList" name="verifyTheUserRedirectsToTheLeadActivityListPage" time="11.646"/>
</testsuite> <!-- com.dlad.qa.testcases.LeadActivityList -->
