<?xml version="1.0" encoding="UTF-8"?>
<!-- Generated by org.testng.reporters.JUnitReportReporter -->
<testsuite hostname="Thirosh" failures="0" tests="1" name="com.dlad.qa.testcases.LeadList" time="19.076" errors="0" timestamp="2024-07-04T14:55:13 IST" skipped="0">
  <testcase classname="com.dlad.qa.testcases.LeadList" name="verifyTheCreateNewLeadFormCloseIcon" time="19.076"/>
</testsuite> <!-- com.dlad.qa.testcases.LeadList -->
