<?xml version="1.0" encoding="UTF-8"?>
<!-- Generated by org.testng.reporters.JUnitReportReporter -->
<testsuite hostname="Thirosh" failures="0" tests="3" name="com.dlad.qa.testcases.LeadActivitiesOverview" time="35.701" errors="0" timestamp="2024-06-17T10:05:44 IST" skipped="0">
  <testcase classname="com.dlad.qa.testcases.LeadActivitiesOverview" name="verifyTheUserRedirectsToTheActivityOverviewPage" time="11.306"/>
  <testcase classname="com.dlad.qa.testcases.LeadActivitiesOverview" name="verifyDisplayTheLeadAcivityOverviewPageCardNames" time="11.919"/>
  <testcase classname="com.dlad.qa.testcases.LeadActivitiesOverview" name="verifyDisplayTheLeadActivityOverviewPageCardCount" time="12.476"/>
</testsuite> <!-- com.dlad.qa.testcases.LeadActivitiesOverview -->
