<?xml version="1.0" encoding="UTF-8"?>
<!-- Generated by org.testng.reporters.JUnitReportReporter -->
<testsuite hostname="Thirosh" failures="0" tests="1" name="com.dlad.qa.testcases.CRMBrokenLinksTest" time="13.262" errors="0" timestamp="2024-07-23T19:05:24 IST" skipped="0">
  <testcase classname="com.dlad.qa.testcases.CRMBrokenLinksTest" name="verifyTheBrokenLinks" time="13.262"/>
<testsuite hostname="Thirosh" failures="0" tests="1" name="com.dlad.qa.testcases.CRMBrokenLinksTest" time="11.875" errors="0" timestamp="2024-07-21T10:31:26 IST" skipped="0">
  <testcase classname="com.dlad.qa.testcases.CRMBrokenLinksTest" name="verifyTheBrokenLinks" time="11.875"/>
</testsuite> <!-- com.dlad.qa.testcases.CRMBrokenLinksTest -->
