<?xml version="1.0" encoding="UTF-8"?>
<!-- Generated by org.testng.reporters.JUnitReportReporter -->
<testsuite hostname="Thirosh" failures="0" tests="1" name="com.dlad.qa.testcases.LeadList" time="20.862" errors="0" timestamp="2024-06-03T09:43:32 IST" skipped="0">
  <testcase classname="com.dlad.qa.testcases.LeadList" name="verifyTheClickOnCreateButtonWithWithoutFillingData" time="20.862"/>
</testsuite> <!-- com.dlad.qa.testcases.LeadList -->
