<?xml version="1.0" encoding="UTF-8"?>
<!-- Generated by org.testng.reporters.JUnitReportReporter -->
<testsuite hostname="Thirosh" failures="0" tests="1" name="com.dlad.qa.testcases.CRMBrokenLinksTest" time="29.033" errors="0" timestamp="2024-08-02T16:25:43 IST" skipped="0">
  <testcase classname="com.dlad.qa.testcases.CRMBrokenLinksTest" name="verifyTheBrokenLinks" time="29.033"/>
</testsuite> <!-- com.dlad.qa.testcases.CRMBrokenLinksTest -->
