<?xml version="1.0" encoding="UTF-8"?>
<!-- Generated by org.testng.reporters.JUnitReportReporter -->
<testsuite hostname="Thirosh" failures="0" tests="1" name="com.dlad.qa.testcases.LeadActivitiesOverview" time="15.312" errors="0" timestamp="2024-06-13T00:35:03 IST" skipped="0">
  <testcase classname="com.dlad.qa.testcases.LeadActivitiesOverview" name="verifyTheUserRedirectsToTheActivityOverviewPage" time="15.312"/>
</testsuite> <!-- com.dlad.qa.testcases.LeadActivitiesOverview -->
