<?xml version="1.0" encoding="UTF-8"?>
<!-- Generated by org.testng.reporters.JUnitReportReporter -->
<testsuite hostname="Thirosh" failures="0" tests="1" name="com.dlad.qa.testcases.HomeTest" time="20.538" errors="0" timestamp="2024-07-18T16:13:09 IST" skipped="0">
  <testcase classname="com.dlad.qa.testcases.HomeTest" name="verifyUserRedirectsToTheHomePage" time="20.538"/>
</testsuite> <!-- com.dlad.qa.testcases.HomeTest -->
