<?xml version="1.0" encoding="UTF-8"?>
<!-- Generated by org.testng.reporters.JUnitReportReporter -->
<testsuite hostname="Thirosh" failures="0" tests="3" name="com.dlad.qa.testcases.Home" time="43.826" errors="0" timestamp="2024-06-25T20:11:00 IST" skipped="0">
  <testcase classname="com.dlad.qa.testcases.Home" name="verifyUserRedirectsToTheHomePage" time="13.788"/>
  <testcase classname="com.dlad.qa.testcases.Home" name="verifyDisplayTheHomePageCardNames" time="14.416"/>
  <testcase classname="com.dlad.qa.testcases.Home" name="verifyDisplayTheHomePageCardCounts" time="15.622"/>
</testsuite> <!-- com.dlad.qa.testcases.Home -->
