<?xml version="1.0" encoding="UTF-8"?>
<!-- Generated by org.testng.reporters.JUnitReportReporter -->
<testsuite hostname="Thirosh" failures="0" tests="3" name="com.dlad.qa.testcases.Home" time="35.013" errors="0" timestamp="2024-06-17T10:05:44 IST" skipped="0">
  <testcase classname="com.dlad.qa.testcases.Home" name="verifyUserRedirectsToTheHomePage" time="11.254"/>
  <testcase classname="com.dlad.qa.testcases.Home" name="verifyDisplayTheHomePageCardNames" time="11.060"/>
  <testcase classname="com.dlad.qa.testcases.Home" name="verifyDisplayTheHomePageCardCounts" time="12.699"/>
</testsuite> <!-- com.dlad.qa.testcases.Home -->
