<?xml version="1.0" encoding="UTF-8"?>
<!-- Generated by org.testng.reporters.JUnitReportReporter -->
<testsuite hostname="Thirosh" failures="0" tests="1" name="com.dlad.qa.testcases.LeadList" time="26.087" errors="0" timestamp="2024-06-19T00:36:47 IST" skipped="0">
  <testcase classname="com.dlad.qa.testcases.LeadList" name="verifyTheCreatedLeadMemberDisplayOnLeadsTable" time="26.087"/>
</testsuite> <!-- com.dlad.qa.testcases.LeadList -->
