<?xml version="1.0" encoding="UTF-8"?>
<!-- Generated by org.testng.reporters.JUnitReportReporter -->
<testsuite hostname="Thirosh" failures="0" tests="1" name="com.dlad.qa.testcases.CRMBrokenLinks" time="27.886" errors="0" timestamp="2024-07-18T18:25:10 IST" skipped="0">
  <testcase classname="com.dlad.qa.testcases.CRMBrokenLinks" name="checkBrokenLinks" time="27.886"/>
</testsuite> <!-- com.dlad.qa.testcases.CRMBrokenLinks -->
