<?xml version="1.0" encoding="UTF-8"?>
<!-- Generated by org.testng.reporters.JUnitReportReporter -->
<testsuite hostname="Thirosh" failures="0" tests="2" name="com.dlad.qa.testcases.CreateNewLeadList" time="29.316" errors="0" timestamp="2024-06-02T11:58:16 IST" skipped="0">
  <testcase classname="com.dlad.qa.testcases.CreateNewLeadList" name="createNewLead" time="12.996"/>
  <testcase classname="com.dlad.qa.testcases.CreateNewLeadList" name="createNewLeadTest" time="16.320"/>
</testsuite> <!-- com.dlad.qa.testcases.CreateNewLeadList -->
