<?xml version="1.0" encoding="UTF-8"?>
<!-- Generated by org.testng.reporters.JUnitReportReporter -->
<testsuite hostname="Thirosh" failures="0" tests="1" name="com.dlad.qa.testcases.CreateNewLeadList" time="18.669" errors="0" timestamp="2024-05-31T09:02:34 IST" skipped="0">
  <testcase classname="com.dlad.qa.testcases.CreateNewLeadList" name="createNewLeads" time="18.669"/>
</testsuite> <!-- com.dlad.qa.testcases.CreateNewLeadList -->
