<?xml version="1.0" encoding="UTF-8"?>
<!-- Generated by org.testng.reporters.JUnitReportReporter -->
<testsuite hostname="Thirosh" failures="0" tests="1" name="com.dlad.qa.testcases.LeadOverview" time="11.447" errors="0" timestamp="2024-06-17T09:46:50 IST" skipped="0">
  <testcase classname="com.dlad.qa.testcases.LeadOverview" name="verifyTheUserRedirectsToTheLeadOverviewPage" time="11.447"/>
</testsuite> <!-- com.dlad.qa.testcases.LeadOverview -->
