<?xml version="1.0" encoding="UTF-8"?>
<!-- Generated by org.testng.reporters.JUnitReportReporter -->
<testsuite hostname="Thirosh" failures="0" tests="1" name="com.dlad.qa.testcases.LeadList" time="29.642" errors="0" timestamp="2024-07-04T22:23:01 IST" skipped="0">
  <testcase classname="com.dlad.qa.testcases.LeadList" name="verifyTheCreateNewLeadWithValidData" time="29.642"/>
</testsuite> <!-- com.dlad.qa.testcases.LeadList -->
