<?xml version="1.0" encoding="UTF-8"?>
<!-- Generated by org.testng.reporters.JUnitReportReporter -->
<testsuite hostname="Thirosh" failures="0" tests="6" name="com.dlad.qa.testcases.LeadList" time="70.244" errors="0" timestamp="2024-06-12T15:46:33 IST" skipped="0">
  <testcase classname="com.dlad.qa.testcases.LeadList" name="verifyTheUserRedirectsToTheLeadListPage" time="13.629"/>
  <testcase classname="com.dlad.qa.testcases.LeadList" name="verifyTheCreateNewLeadFormOpen" time="11.183"/>
  <testcase classname="com.dlad.qa.testcases.LeadList" name="verifyTheCreateNewLeadFormCloseIcon" time="11.626"/>
  <testcase classname="com.dlad.qa.testcases.LeadList" name="verifyTheCreateNewLeadWithValidData" time="12.239"/>
  <testcase classname="com.dlad.qa.testcases.LeadList" name="verifyTheClickOnCreateButtonWithWithoutFillingData" time="10.786"/>
  <testcase classname="com.dlad.qa.testcases.LeadList" name="cancellButtonNewLeadForm" time="10.781"/>
</testsuite> <!-- com.dlad.qa.testcases.LeadList -->
