<?xml version="1.0" encoding="UTF-8"?>
<!-- Generated by org.testng.reporters.JUnitReportReporter -->
<testsuite hostname="Thirosh" failures="0" tests="9" name="com.dlad.qa.testcases.LeadListTest" time="90.734" errors="0" timestamp="2024-07-21T10:31:25 IST" skipped="0">
  <testcase classname="com.dlad.qa.testcases.LeadListTest" name="verifyTheUserRedirectsToTheLeadListPage" time="8.278"/>
  <testcase classname="com.dlad.qa.testcases.LeadListTest" name="verifyTheCreateNewLeadFormOpen" time="8.173"/>
  <testcase classname="com.dlad.qa.testcases.LeadListTest" name="verifyTheCreateNewLeadFormCloseIcon" time="8.977"/>
  <testcase classname="com.dlad.qa.testcases.LeadListTest" name="verifyTheCreateNewLeadWithValidData" time="13.409"/>
  <testcase classname="com.dlad.qa.testcases.LeadListTest" name="verifyTheCreateNewLeadWithoutProvidingAnyFields" time="8.403"/>
  <testcase classname="com.dlad.qa.testcases.LeadListTest" name="verifyTheFillAllRequiredLeadMemberDetailsFields" time="10.363"/>
  <testcase classname="com.dlad.qa.testcases.LeadListTest" name="verifyTheCreatedLeadMemberDisplayOnLeadsTable" time="10.603"/>
  <testcase classname="com.dlad.qa.testcases.LeadListTest" name="verifyTheNewlyCreatedLeadStatusAndRatingDisplayedOnTheLeadTableView" time="14.171"/>
  <testcase classname="com.dlad.qa.testcases.LeadListTest" name="cancellButtonNewLeadForm" time="8.357"/>
</testsuite> <!-- com.dlad.qa.testcases.LeadListTest -->
