<?xml version="1.0" encoding="UTF-8"?>
<!-- Generated by org.testng.reporters.JUnitReportReporter -->
<testsuite hostname="Thirosh" failures="0" tests="1" name="com.dlad.qa.testcases.Login" time="10.997" errors="0" timestamp="2024-05-29T02:14:46 IST" skipped="0">
  <testcase classname="com.dlad.qa.testcases.Login" name="verifyLoginWithValidCredentials" time="10.997"/>
</testsuite> <!-- com.dlad.qa.testcases.Login -->
